<?xml version="1.0" encoding="UTF-8"?>
<!-- Generated by org.testng.reporters.JUnitXMLReporter -->
<testsuite ignored="0" hostname="DESKTOP-5QPL10C" failures="0" tests="6" name="Test" time="44.353" errors="0" timestamp="2023-12-26T17:26:04 IST">
  <testcase classname="actionExample.RightClick_DoubleClickTest" name="verifyDoubleClick" time="1.453"/>
  <testcase classname="actionExample.RightClick_DoubleClickTest" name="verifyRightClick" time="0.384"/>
  <testcase classname="testNG_annotationExample.NOP_LoginTest" name="verifyLoginFeature" time="0.0"/>
  <testcase classname="testNG_annotationExample.NOP_LoginTest" name="verifyAddCustFeature" time="0.0"/>
  <testcase classname="testNG_annotationExample.NOP_LoginTest" name="verifyAppTitleFeature" time="0.001"/>
  <testcase classname="testNG_annotationExample.NOP_LoginTest" name="verifyLogoutFeature" time="0.0"/>
</testsuite> <!-- Test -->
